<?xml version="1.0" encoding="UTF-8"?>
<coverage generated="1612370294114" clover="3.2.0">
  <project timestamp="1612370294114" name="All files">
    <metrics statements="60" coveredstatements="43" conditionals="27" coveredconditionals="19" methods="11" coveredmethods="8" elements="98" coveredelements="70" complexity="0" loc="60" ncloc="60" packages="1" files="1" classes="1"/>
    <file name="index.js" path="/Users/aburagohain/Desktop/javascript/Simple-Calculator/scripts/index.js">
      <metrics statements="60" coveredstatements="43" conditionals="27" coveredconditionals="19" methods="11" coveredmethods="8"/>
      <line num="1" count="1" type="stmt"/>
      <line num="2" count="1" type="stmt"/>
      <line num="3" count="1" type="stmt"/>
      <line num="7" count="1" type="stmt"/>
      <line num="8" count="1" type="stmt"/>
      <line num="9" count="0" type="stmt"/>
      <line num="10" count="0" type="stmt"/>
      <line num="11" count="0" type="stmt"/>
      <line num="12" count="0" type="stmt"/>
      <line num="13" count="0" type="stmt"/>
      <line num="14" count="0" type="cond" truecount="0" falsecount="2"/>
      <line num="15" count="0" type="stmt"/>
      <line num="16" count="0" type="stmt"/>
      <line num="18" count="0" type="stmt"/>
      <line num="28" count="0" type="cond" truecount="0" falsecount="2"/>
      <line num="29" count="0" type="stmt"/>
      <line num="38" count="7" type="stmt"/>
      <line num="39" count="7" type="stmt"/>
      <line num="46" count="7" type="stmt"/>
      <line num="47" count="28" type="cond" truecount="2" falsecount="0"/>
      <line num="48" count="5" type="stmt"/>
      <line num="49" count="23" type="cond" truecount="2" falsecount="0"/>
      <line num="50" count="5" type="stmt"/>
      <line num="51" count="5" type="stmt"/>
      <line num="52" count="5" type="stmt"/>
      <line num="53" count="18" type="cond" truecount="2" falsecount="0"/>
      <line num="54" count="1" type="stmt"/>
      <line num="55" count="1" type="stmt"/>
      <line num="57" count="17" type="stmt"/>
      <line num="67" count="17" type="cond" truecount="2" falsecount="0"/>
      <line num="68" count="11" type="stmt"/>
      <line num="69" count="11" type="stmt"/>
      <line num="71" count="6" type="stmt"/>
      <line num="72" count="6" type="stmt"/>
      <line num="74" count="17" type="stmt"/>
      <line num="83" count="5" type="cond" truecount="1" falsecount="1"/>
      <line num="84" count="0" type="stmt"/>
      <line num="85" count="0" type="stmt"/>
      <line num="86" count="0" type="stmt"/>
      <line num="87" count="0" type="stmt"/>
      <line num="88" count="0" type="stmt"/>
      <line num="90" count="5" type="stmt"/>
      <line num="91" count="5" type="stmt"/>
      <line num="92" count="5" type="cond" truecount="2" falsecount="2"/>
      <line num="93" count="5" type="stmt"/>
      <line num="95" count="5" type="stmt"/>
      <line num="102" count="6" type="stmt"/>
      <line num="103" count="6" type="stmt"/>
      <line num="104" count="6" type="stmt"/>
      <line num="105" count="6" type="stmt"/>
      <line num="114" count="28" type="cond" truecount="4" falsecount="0"/>
      <line num="124" count="5" type="stmt"/>
      <line num="125" count="5" type="stmt"/>
      <line num="126" count="5" type="cond" truecount="4" falsecount="1"/>
      <line num="128" count="1" type="stmt"/>
      <line num="130" count="1" type="stmt"/>
      <line num="132" count="2" type="stmt"/>
      <line num="134" count="1" type="stmt"/>
      <line num="136" count="0" type="stmt"/>
      <line num="141" count="1" type="stmt"/>
    </file>
  </project>
</coverage>
