{"/Users/aburagohain/Desktop/javascript/Simple-Calculator/scripts/index.js": {"path":"/Users/aburagohain/Desktop/javascript/Simple-Calculator/scripts/index.js","statementMap":{"0":{"start":{"line":1,"column":15},"end":{"line":1,"column":48}},"1":{"start":{"line":2,"column":0},"end":{"line":2,"column":27}},"2":{"start":{"line":3,"column":18},"end":{"line":3,"column":30}},"3":{"start":{"line":7,"column":18},"end":{"line":7,"column":53}},"4":{"start":{"line":8,"column":2},"end":{"line":20,"column":5}},"5":{"start":{"line":9,"column":4},"end":{"line":19,"column":7}},"6":{"start":{"line":10,"column":24},"end":{"line":10,"column":53}},"7":{"start":{"line":11,"column":6},"end":{"line":11,"column":54}},"8":{"start":{"line":12,"column":6},"end":{"line":12,"column":56}},"9":{"start":{"line":13,"column":6},"end":{"line":13,"column":44}},"10":{"start":{"line":14,"column":6},"end":{"line":17,"column":7}},"11":{"start":{"line":15,"column":20},"end":{"line":15,"column":40}},"12":{"start":{"line":16,"column":8},"end":{"line":16,"column":32}},"13":{"start":{"line":18,"column":6},"end":{"line":18,"column":36}},"14":{"start":{"line":28,"column":2},"end":{"line":30,"column":3}},"15":{"start":{"line":29,"column":4},"end":{"line":29,"column":40}},"16":{"start":{"line":38,"column":22},"end":{"line":38,"column":24}},"17":{"start":{"line":38,"column":37},"end":{"line":38,"column":39}},"18":{"start":{"line":38,"column":52},"end":{"line":38,"column":54}},"19":{"start":{"line":39,"column":17},"end":{"line":39,"column":19}},"20":{"start":{"line":39,"column":35},"end":{"line":39,"column":40}},"21":{"start":{"line":46,"column":2},"end":{"line":59,"column":3}},"22":{"start":{"line":47,"column":4},"end":{"line":58,"column":5}},"23":{"start":{"line":48,"column":6},"end":{"line":48,"column":41}},"24":{"start":{"line":49,"column":11},"end":{"line":58,"column":5}},"25":{"start":{"line":50,"column":6},"end":{"line":50,"column":62}},"26":{"start":{"line":51,"column":6},"end":{"line":51,"column":28}},"27":{"start":{"line":52,"column":6},"end":{"line":52,"column":27}},"28":{"start":{"line":53,"column":11},"end":{"line":58,"column":5}},"29":{"start":{"line":54,"column":6},"end":{"line":54,"column":28}},"30":{"start":{"line":55,"column":6},"end":{"line":55,"column":22}},"31":{"start":{"line":57,"column":6},"end":{"line":57,"column":40}},"32":{"start":{"line":67,"column":4},"end":{"line":73,"column":5}},"33":{"start":{"line":68,"column":6},"end":{"line":68,"column":24}},"34":{"start":{"line":69,"column":6},"end":{"line":69,"column":31}},"35":{"start":{"line":71,"column":6},"end":{"line":71,"column":24}},"36":{"start":{"line":72,"column":6},"end":{"line":72,"column":60}},"37":{"start":{"line":74,"column":4},"end":{"line":74,"column":25}},"38":{"start":{"line":83,"column":4},"end":{"line":94,"column":5}},"39":{"start":{"line":84,"column":23},"end":{"line":84,"column":62}},"40":{"start":{"line":85,"column":6},"end":{"line":85,"column":26}},"41":{"start":{"line":86,"column":6},"end":{"line":86,"column":23}},"42":{"start":{"line":87,"column":6},"end":{"line":87,"column":20}},"43":{"start":{"line":88,"column":6},"end":{"line":88,"column":48}},"44":{"start":{"line":90,"column":6},"end":{"line":90,"column":25}},"45":{"start":{"line":91,"column":6},"end":{"line":91,"column":23}},"46":{"start":{"line":92,"column":6},"end":{"line":92,"column":102}},"47":{"start":{"line":93,"column":6},"end":{"line":93,"column":48}},"48":{"start":{"line":95,"column":4},"end":{"line":95,"column":25}},"49":{"start":{"line":102,"column":4},"end":{"line":102,"column":18}},"50":{"start":{"line":103,"column":4},"end":{"line":103,"column":18}},"51":{"start":{"line":104,"column":4},"end":{"line":104,"column":18}},"52":{"start":{"line":105,"column":4},"end":{"line":105,"column":24}},"53":{"start":{"line":114,"column":4},"end":{"line":114,"column":76}},"54":{"start":{"line":124,"column":4},"end":{"line":124,"column":25}},"55":{"start":{"line":125,"column":4},"end":{"line":125,"column":25}},"56":{"start":{"line":126,"column":4},"end":{"line":137,"column":5}},"57":{"start":{"line":128,"column":8},"end":{"line":128,"column":35}},"58":{"start":{"line":130,"column":8},"end":{"line":130,"column":35}},"59":{"start":{"line":132,"column":8},"end":{"line":132,"column":35}},"60":{"start":{"line":134,"column":8},"end":{"line":134,"column":35}},"61":{"start":{"line":136,"column":8},"end":{"line":136,"column":17}},"62":{"start":{"line":141,"column":0},"end":{"line":141,"column":28}}},"fnMap":{"0":{"name":"addRippleEffectToButtons","decl":{"start":{"line":6,"column":9},"end":{"line":6,"column":33}},"loc":{"start":{"line":6,"column":36},"end":{"line":21,"column":1}},"line":6},"1":{"name":"(anonymous_1)","decl":{"start":{"line":8,"column":18},"end":{"line":8,"column":19}},"loc":{"start":{"line":8,"column":30},"end":{"line":20,"column":3}},"line":8},"2":{"name":"(anonymous_2)","decl":{"start":{"line":9,"column":37},"end":{"line":9,"column":38}},"loc":{"start":{"line":9,"column":48},"end":{"line":19,"column":5}},"line":9},"3":{"name":"onButtonClick","decl":{"start":{"line":27,"column":9},"end":{"line":27,"column":22}},"loc":{"start":{"line":27,"column":30},"end":{"line":31,"column":1}},"line":27},"4":{"name":"calculator","decl":{"start":{"line":37,"column":9},"end":{"line":37,"column":19}},"loc":{"start":{"line":37,"column":22},"end":{"line":139,"column":1}},"line":37},"5":{"name":"getResult","decl":{"start":{"line":46,"column":18},"end":{"line":46,"column":27}},"loc":{"start":{"line":46,"column":35},"end":{"line":59,"column":3}},"line":46},"6":{"name":"getResultForOperand","decl":{"start":{"line":66,"column":11},"end":{"line":66,"column":30}},"loc":{"start":{"line":66,"column":38},"end":{"line":75,"column":3}},"line":66},"7":{"name":"getResultForOperator","decl":{"start":{"line":82,"column":11},"end":{"line":82,"column":31}},"loc":{"start":{"line":82,"column":39},"end":{"line":96,"column":3}},"line":82},"8":{"name":"resetToInitialState","decl":{"start":{"line":101,"column":11},"end":{"line":101,"column":30}},"loc":{"start":{"line":101,"column":33},"end":{"line":106,"column":3}},"line":101},"9":{"name":"isOperator","decl":{"start":{"line":113,"column":11},"end":{"line":113,"column":21}},"loc":{"start":{"line":113,"column":29},"end":{"line":115,"column":3}},"line":113},"10":{"name":"calculate","decl":{"start":{"line":123,"column":11},"end":{"line":123,"column":20}},"loc":{"start":{"line":123,"column":51},"end":{"line":138,"column":3}},"line":123}},"branchMap":{"0":{"loc":{"start":{"line":14,"column":6},"end":{"line":17,"column":7}},"type":"if","locations":[{"start":{"line":14,"column":6},"end":{"line":17,"column":7}},{"start":{"line":14,"column":6},"end":{"line":17,"column":7}}],"line":14},"1":{"loc":{"start":{"line":28,"column":2},"end":{"line":30,"column":3}},"type":"if","locations":[{"start":{"line":28,"column":2},"end":{"line":30,"column":3}},{"start":{"line":28,"column":2},"end":{"line":30,"column":3}}],"line":28},"2":{"loc":{"start":{"line":47,"column":4},"end":{"line":58,"column":5}},"type":"if","locations":[{"start":{"line":47,"column":4},"end":{"line":58,"column":5}},{"start":{"line":47,"column":4},"end":{"line":58,"column":5}}],"line":47},"3":{"loc":{"start":{"line":49,"column":11},"end":{"line":58,"column":5}},"type":"if","locations":[{"start":{"line":49,"column":11},"end":{"line":58,"column":5}},{"start":{"line":49,"column":11},"end":{"line":58,"column":5}}],"line":49},"4":{"loc":{"start":{"line":53,"column":11},"end":{"line":58,"column":5}},"type":"if","locations":[{"start":{"line":53,"column":11},"end":{"line":58,"column":5}},{"start":{"line":53,"column":11},"end":{"line":58,"column":5}}],"line":53},"5":{"loc":{"start":{"line":67,"column":4},"end":{"line":73,"column":5}},"type":"if","locations":[{"start":{"line":67,"column":4},"end":{"line":73,"column":5}},{"start":{"line":67,"column":4},"end":{"line":73,"column":5}}],"line":67},"6":{"loc":{"start":{"line":83,"column":4},"end":{"line":94,"column":5}},"type":"if","locations":[{"start":{"line":83,"column":4},"end":{"line":94,"column":5}},{"start":{"line":83,"column":4},"end":{"line":94,"column":5}}],"line":83},"7":{"loc":{"start":{"line":92,"column":17},"end":{"line":92,"column":101}},"type":"cond-expr","locations":[{"start":{"line":92,"column":55},"end":{"line":92,"column":68}},{"start":{"line":92,"column":71},"end":{"line":92,"column":101}}],"line":92},"8":{"loc":{"start":{"line":92,"column":71},"end":{"line":92,"column":101}},"type":"cond-expr","locations":[{"start":{"line":92,"column":89},"end":{"line":92,"column":90}},{"start":{"line":92,"column":93},"end":{"line":92,"column":101}}],"line":92},"9":{"loc":{"start":{"line":114,"column":11},"end":{"line":114,"column":75}},"type":"binary-expr","locations":[{"start":{"line":114,"column":11},"end":{"line":114,"column":24}},{"start":{"line":114,"column":28},"end":{"line":114,"column":41}},{"start":{"line":114,"column":45},"end":{"line":114,"column":58}},{"start":{"line":114,"column":62},"end":{"line":114,"column":75}}],"line":114},"10":{"loc":{"start":{"line":126,"column":4},"end":{"line":137,"column":5}},"type":"switch","locations":[{"start":{"line":127,"column":6},"end":{"line":128,"column":35}},{"start":{"line":129,"column":6},"end":{"line":130,"column":35}},{"start":{"line":131,"column":6},"end":{"line":132,"column":35}},{"start":{"line":133,"column":6},"end":{"line":134,"column":35}},{"start":{"line":135,"column":6},"end":{"line":136,"column":17}}],"line":126}},"s":{"0":1,"1":1,"2":1,"3":1,"4":1,"5":0,"6":0,"7":0,"8":0,"9":0,"10":0,"11":0,"12":0,"13":0,"14":0,"15":0,"16":7,"17":7,"18":7,"19":7,"20":7,"21":7,"22":28,"23":5,"24":23,"25":5,"26":5,"27":5,"28":18,"29":1,"30":1,"31":17,"32":17,"33":11,"34":11,"35":6,"36":6,"37":17,"38":5,"39":0,"40":0,"41":0,"42":0,"43":0,"44":5,"45":5,"46":5,"47":5,"48":5,"49":6,"50":6,"51":6,"52":6,"53":28,"54":5,"55":5,"56":5,"57":1,"58":1,"59":2,"60":1,"61":0,"62":1},"f":{"0":1,"1":0,"2":0,"3":0,"4":7,"5":28,"6":17,"7":5,"8":6,"9":28,"10":5},"b":{"0":[0,0],"1":[0,0],"2":[5,23],"3":[5,18],"4":[1,17],"5":[11,6],"6":[0,5],"7":[0,5],"8":[0,5],"9":[28,27,25,24],"10":[1,1,2,1,0]},"_coverageSchema":"1a1c01bbd47fc00a2c39e90264f33305004495a9","hash":"bca34de090a38fb0fa9661d77759805233c23964"}
}
