TN:
SF:scripts/index.js
FN:6,addRippleEffectToButtons
FN:8,(anonymous_1)
FN:9,(anonymous_2)
FN:27,onButtonClick
FN:37,calculator
FN:46,getResult
FN:66,getResultForOperand
FN:82,getResultForOperator
FN:101,resetToInitialState
FN:113,isOperator
FN:123,calculate
FNF:11
FNH:8
FNDA:1,addRippleEffectToButtons
FNDA:0,(anonymous_1)
FNDA:0,(anonymous_2)
FNDA:0,onButtonClick
FNDA:7,calculator
FNDA:28,getResult
FNDA:17,getResultForOperand
FNDA:5,getResultForOperator
FNDA:6,resetToInitialState
FNDA:28,isOperator
FNDA:5,calculate
DA:1,1
DA:2,1
DA:3,1
DA:7,1
DA:8,1
DA:9,0
DA:10,0
DA:11,0
DA:12,0
DA:13,0
DA:14,0
DA:15,0
DA:16,0
DA:18,0
DA:28,0
DA:29,0
DA:38,7
DA:39,7
DA:46,7
DA:47,28
DA:48,5
DA:49,23
DA:50,5
DA:51,5
DA:52,5
DA:53,18
DA:54,1
DA:55,1
DA:57,17
DA:67,17
DA:68,11
DA:69,11
DA:71,6
DA:72,6
DA:74,17
DA:83,5
DA:84,0
DA:85,0
DA:86,0
DA:87,0
DA:88,0
DA:90,5
DA:91,5
DA:92,5
DA:93,5
DA:95,5
DA:102,6
DA:103,6
DA:104,6
DA:105,6
DA:114,28
DA:124,5
DA:125,5
DA:126,5
DA:128,1
DA:130,1
DA:132,2
DA:134,1
DA:136,0
DA:141,1
LF:60
LH:43
BRDA:14,0,0,0
BRDA:14,0,1,0
BRDA:28,1,0,0
BRDA:28,1,1,0
BRDA:47,2,0,5
BRDA:47,2,1,23
BRDA:49,3,0,5
BRDA:49,3,1,18
BRDA:53,4,0,1
BRDA:53,4,1,17
BRDA:67,5,0,11
BRDA:67,5,1,6
BRDA:83,6,0,0
BRDA:83,6,1,5
BRDA:92,7,0,0
BRDA:92,7,1,5
BRDA:92,8,0,0
BRDA:92,8,1,5
BRDA:114,9,0,28
BRDA:114,9,1,27
BRDA:114,9,2,25
BRDA:114,9,3,24
BRDA:126,10,0,1
BRDA:126,10,1,1
BRDA:126,10,2,2
BRDA:126,10,3,1
BRDA:126,10,4,0
BRF:27
BRH:19
end_of_record
